<?xml version="1.0" encoding="UTF-8"?>
<!-- Generated by org.testng.reporters.JUnitReportReporter -->
<testsuite skipped="0" hostname="EPUSPRIW05A0" name="com.testrunner.TestNGRunner" tests="1" failures="1" timestamp="14 Jun 2021 21:18:10 GMT" time="25.855" errors="0">
  <testcase name="runScenario" time="25.855" classname="com.testrunner.TestNGRunner">
    <failure type="java.lang.AssertionError" message="expected [Amazon.com. Spend less.] but found [Facebook - Log In or Sign Up]">
      <![CDATA[java.lang.AssertionError: expected [Amazon.com. Spend less.] but found [Facebook - Log In or Sign Up]
at org.testng.Assert.fail(Assert.java:96)
at org.testng.Assert.failNotEquals(Assert.java:776)
at org.testng.Assert.assertEqualsImpl(Assert.java:137)
at org.testng.Assert.assertEquals(Assert.java:118)
at org.testng.Assert.assertEquals(Assert.java:453)
at org.testng.Assert.assertEquals(Assert.java:463)
at com.step.StepAllure.i_successfully_logged_in(StepAllure.java:115)
at ✽.I successfully logged in(file:///C:/Users/Ummul_Mukta/git/AllureReportTest/allureFeature/allure.feature:8)
]]>
    </failure>
  </testcase> <!-- runScenario -->
</testsuite> <!-- com.testrunner.TestNGRunner -->
